End of the session, see you later!
End of the session, see you later!
End of the session, see you later!
End of the session, see you later!
You are applying to the position of: Principle React Engineer
Principle React Engineer
PsychPlus
Pakistan (Remote)
Actively recruiting
Promoted
Easy Apply
You are applying to the position of: Principle React Engineer
Principle React Engineer
PsychPlus
Pakistan (Remote)
Actively recruiting
Promoted
Easy Apply
You are applying to the position of: Principle React Engineer
Principle React Engineer
PsychPlus
Pakistan (Remote)
Actively recruiting
Promoted
Easy Apply
You are applying to the position of: Principle React Engineer
Principle React Engineer
PsychPlus
Pakistan (Remote)
Actively recruiting
Promoted
Easy Apply
You are applying to the position of: Principle React Engineer
Principle React Engineer
PsychPlus
Pakistan (Remote)
Actively recruiting
Promoted
Easy Apply
You are applying to the position of: Principle React Engineer
Principle React Engineer
PsychPlus
Pakistan (Remote)
Actively recruiting
Promoted
Easy Apply
You are applying to the position of: Upwork Bidder
Upwork Bidder
Young10 Marketing
Lahore, Punjab, Pakistan (On-site)
Promoted
Easy Apply
You are applying to the position of: Principle React Engineer
Principle React Engineer
PsychPlus
Pakistan (Remote)
Actively recruiting
Promoted
Easy Apply
You are applying to the position of: Principle React Engineer
Principle React Engineer
PsychPlus
Pakistan (Remote)
Actively recruiting
Promoted
Easy Apply
You are applying to the position of: Principle React Engineer
Principle React Engineer
PsychPlus
Pakistan (Remote)
Actively recruiting
Promoted
Easy Apply
You are applying to the position of: Principle React Engineer
Principle React Engineer
PsychPlus
Pakistan (Remote)
Actively recruiting
Promoted
Easy Apply
Submit application button not found
You are applying to the position of: Technical Trainer
Technical Trainer
LINRCO Pakistan
Taxila, Punjab, Pakistan (On-site)
Viewed
Promoted
Easy Apply
Submit application button not found
You are applying to the position of: Senior React Native Developer
Senior React Native Developer
Code Experts Ltd.
Rawalpindi, Punjab, Pakistan (On-site)
Viewed
Promoted
Easy Apply
Submit application button not found
You are applying to the position of: Senior React Native Developer
Senior React Native Developer
Code Experts Ltd.
Rawalpindi, Punjab, Pakistan (On-site)
Viewed
Promoted
Easy Apply
Submit application button not found
You are applying to the position of: Senior React Native Developer
Senior React Native Developer
Code Experts Ltd.
Rawalpindi, Punjab, Pakistan (On-site)
Viewed
Promoted
Easy Apply
Submit application button not found
You are applying to the position of: Senior React Native Developer
Senior React Native Developer
Code Experts Ltd.
Rawalpindi, Punjab, Pakistan (On-site)
Viewed
Promoted
Easy Apply
Submit application button not found
You are applying to the position of: Senior React Native Developer
Senior React Native Developer
Code Experts Ltd.
Rawalpindi, Punjab, Pakistan (On-site)
Viewed
Promoted
Easy Apply
You are applying to the position of: Senior React Native Developer
Senior React Native Developer
Code Experts Ltd.
Rawalpindi, Punjab, Pakistan (On-site)
Viewed
Promoted
Easy Apply
Error occurred: Message: 
Stacktrace:
	GetHandleVerifier [0x00007FF6CF031522+60802]
	(No symbol) [0x00007FF6CEFAAC22]
	(No symbol) [0x00007FF6CEE67CE4]
	(No symbol) [0x00007FF6CEEB6D4D]
	(No symbol) [0x00007FF6CEEB6E1C]
	(No symbol) [0x00007FF6CEEFCE37]
	(No symbol) [0x00007FF6CEEDABBF]
	(No symbol) [0x00007FF6CEEFA224]
	(No symbol) [0x00007FF6CEEDA923]
	(No symbol) [0x00007FF6CEEA8FEC]
	(No symbol) [0x00007FF6CEEA9C21]
	GetHandleVerifier [0x00007FF6CF3341BD+3217949]
	GetHandleVerifier [0x00007FF6CF376157+3488183]
	GetHandleVerifier [0x00007FF6CF36F0DF+3459391]
	GetHandleVerifier [0x00007FF6CF0EB8E6+823622]
	(No symbol) [0x00007FF6CEFB5FBF]
	(No symbol) [0x00007FF6CEFB0EE4]
	(No symbol) [0x00007FF6CEFB1072]
	(No symbol) [0x00007FF6CEFA18C4]
	BaseThreadInitThunk [0x00007FF91D99257D+29]
	RtlUserThreadStart [0x00007FF91ECCAA48+40]

You are applying to the position of: Senior Full Stack Developer
Senior Full Stack Developer
TripleK Technologies
Lahore, Punjab, Pakistan (Hybrid)
Promoted
Easy Apply
Error occurred: Message: 
Stacktrace:
	GetHandleVerifier [0x00007FF6CF031522+60802]
	(No symbol) [0x00007FF6CEFAAC22]
	(No symbol) [0x00007FF6CEE67CE4]
	(No symbol) [0x00007FF6CEEB6D4D]
	(No symbol) [0x00007FF6CEEB6E1C]
	(No symbol) [0x00007FF6CEEFCE37]
	(No symbol) [0x00007FF6CEEDABBF]
	(No symbol) [0x00007FF6CEEFA224]
	(No symbol) [0x00007FF6CEEDA923]
	(No symbol) [0x00007FF6CEEA8FEC]
	(No symbol) [0x00007FF6CEEA9C21]
	GetHandleVerifier [0x00007FF6CF3341BD+3217949]
	GetHandleVerifier [0x00007FF6CF376157+3488183]
	GetHandleVerifier [0x00007FF6CF36F0DF+3459391]
	GetHandleVerifier [0x00007FF6CF0EB8E6+823622]
	(No symbol) [0x00007FF6CEFB5FBF]
	(No symbol) [0x00007FF6CEFB0EE4]
	(No symbol) [0x00007FF6CEFB1072]
	(No symbol) [0x00007FF6CEFA18C4]
	BaseThreadInitThunk [0x00007FF91D99257D+29]
	RtlUserThreadStart [0x00007FF91ECCAA48+40]

Error occurred: Message: 
Stacktrace:
	GetHandleVerifier [0x00007FF6CF031522+60802]
	(No symbol) [0x00007FF6CEFAAC22]
	(No symbol) [0x00007FF6CEE67CE4]
	(No symbol) [0x00007FF6CEEB6D4D]
	(No symbol) [0x00007FF6CEEB6E1C]
	(No symbol) [0x00007FF6CEEFCE37]
	(No symbol) [0x00007FF6CEEDABBF]
	(No symbol) [0x00007FF6CEEFA224]
	(No symbol) [0x00007FF6CEEDA923]
	(No symbol) [0x00007FF6CEEA8FEC]
	(No symbol) [0x00007FF6CEEA9C21]
	GetHandleVerifier [0x00007FF6CF3341BD+3217949]
	GetHandleVerifier [0x00007FF6CF376157+3488183]
	GetHandleVerifier [0x00007FF6CF36F0DF+3459391]
	GetHandleVerifier [0x00007FF6CF0EB8E6+823622]
	(No symbol) [0x00007FF6CEFB5FBF]
	(No symbol) [0x00007FF6CEFB0EE4]
	(No symbol) [0x00007FF6CEFB1072]
	(No symbol) [0x00007FF6CEFA18C4]
	BaseThreadInitThunk [0x00007FF91D99257D+29]
	RtlUserThreadStart [0x00007FF91ECCAA48+40]

You are applying to the position of: Senior Software Engineer
Senior Software Engineer
PsychPlus
Pakistan (Remote)
Actively recruiting
Viewed
Promoted
Easy Apply
Error occurred: Message: 
Stacktrace:
	GetHandleVerifier [0x00007FF6CF031522+60802]
	(No symbol) [0x00007FF6CEFAAC22]
	(No symbol) [0x00007FF6CEE67CE4]
	(No symbol) [0x00007FF6CEEB6D4D]
	(No symbol) [0x00007FF6CEEB6E1C]
	(No symbol) [0x00007FF6CEEFCE37]
	(No symbol) [0x00007FF6CEEDABBF]
	(No symbol) [0x00007FF6CEEFA224]
	(No symbol) [0x00007FF6CEEDA923]
	(No symbol) [0x00007FF6CEEA8FEC]
	(No symbol) [0x00007FF6CEEA9C21]
	GetHandleVerifier [0x00007FF6CF3341BD+3217949]
	GetHandleVerifier [0x00007FF6CF376157+3488183]
	GetHandleVerifier [0x00007FF6CF36F0DF+3459391]
	GetHandleVerifier [0x00007FF6CF0EB8E6+823622]
	(No symbol) [0x00007FF6CEFB5FBF]
	(No symbol) [0x00007FF6CEFB0EE4]
	(No symbol) [0x00007FF6CEFB1072]
	(No symbol) [0x00007FF6CEFA18C4]
	BaseThreadInitThunk [0x00007FF91D99257D+29]
	RtlUserThreadStart [0x00007FF91ECCAA48+40]

You are applying to the position of: Senior Full Stack Software Engineer
Senior Full Stack Software Engineer
Enterprise Software Solutions
Lahore, Punjab, Pakistan (On-site)
Your profile matches this job
Promoted
Easy Apply
Error occurred: Message: 
Stacktrace:
	GetHandleVerifier [0x00007FF6CF031522+60802]
	(No symbol) [0x00007FF6CEFAAC22]
	(No symbol) [0x00007FF6CEE67CE4]
	(No symbol) [0x00007FF6CEEB6D4D]
	(No symbol) [0x00007FF6CEEB6E1C]
	(No symbol) [0x00007FF6CEEFCE37]
	(No symbol) [0x00007FF6CEEDABBF]
	(No symbol) [0x00007FF6CEEFA224]
	(No symbol) [0x00007FF6CEEDA923]
	(No symbol) [0x00007FF6CEEA8FEC]
	(No symbol) [0x00007FF6CEEA9C21]
	GetHandleVerifier [0x00007FF6CF3341BD+3217949]
	GetHandleVerifier [0x00007FF6CF376157+3488183]
	GetHandleVerifier [0x00007FF6CF36F0DF+3459391]
	GetHandleVerifier [0x00007FF6CF0EB8E6+823622]
	(No symbol) [0x00007FF6CEFB5FBF]
	(No symbol) [0x00007FF6CEFB0EE4]
	(No symbol) [0x00007FF6CEFB1072]
	(No symbol) [0x00007FF6CEFA18C4]
	BaseThreadInitThunk [0x00007FF91D99257D+29]
	RtlUserThreadStart [0x00007FF91ECCAA48+40]

You are applying to the position of: Senior Full Stack Developer
Senior Full Stack Developer
WindshieldHUB.com
Lahore, Punjab, Pakistan (Hybrid)
Actively recruiting
Promoted
Easy Apply
Error occurred: Message: 
Stacktrace:
	GetHandleVerifier [0x00007FF6CF031522+60802]
	(No symbol) [0x00007FF6CEFAAC22]
	(No symbol) [0x00007FF6CEE67CE4]
	(No symbol) [0x00007FF6CEEB6D4D]
	(No symbol) [0x00007FF6CEEB6E1C]
	(No symbol) [0x00007FF6CEEFCE37]
	(No symbol) [0x00007FF6CEEDABBF]
	(No symbol) [0x00007FF6CEEFA224]
	(No symbol) [0x00007FF6CEEDA923]
	(No symbol) [0x00007FF6CEEA8FEC]
	(No symbol) [0x00007FF6CEEA9C21]
	GetHandleVerifier [0x00007FF6CF3341BD+3217949]
	GetHandleVerifier [0x00007FF6CF376157+3488183]
	GetHandleVerifier [0x00007FF6CF36F0DF+3459391]
	GetHandleVerifier [0x00007FF6CF0EB8E6+823622]
	(No symbol) [0x00007FF6CEFB5FBF]
	(No symbol) [0x00007FF6CEFB0EE4]
	(No symbol) [0x00007FF6CEFB1072]
	(No symbol) [0x00007FF6CEFA18C4]
	BaseThreadInitThunk [0x00007FF91D99257D+29]
	RtlUserThreadStart [0x00007FF91ECCAA48+40]

You are applying to the position of: Senior Web Developer
Senior Web Developer
PsychPlus
Pakistan (Remote)
Actively recruiting
Viewed
Promoted
Easy Apply
Error occurred: Message: 
Stacktrace:
	GetHandleVerifier [0x00007FF6CF031522+60802]
	(No symbol) [0x00007FF6CEFAAC22]
	(No symbol) [0x00007FF6CEE67CE4]
	(No symbol) [0x00007FF6CEEB6D4D]
	(No symbol) [0x00007FF6CEEB6E1C]
	(No symbol) [0x00007FF6CEEFCE37]
	(No symbol) [0x00007FF6CEEDABBF]
	(No symbol) [0x00007FF6CEEFA224]
	(No symbol) [0x00007FF6CEEDA923]
	(No symbol) [0x00007FF6CEEA8FEC]
	(No symbol) [0x00007FF6CEEA9C21]
	GetHandleVerifier [0x00007FF6CF3341BD+3217949]
	GetHandleVerifier [0x00007FF6CF376157+3488183]
	GetHandleVerifier [0x00007FF6CF36F0DF+3459391]
	GetHandleVerifier [0x00007FF6CF0EB8E6+823622]
	(No symbol) [0x00007FF6CEFB5FBF]
	(No symbol) [0x00007FF6CEFB0EE4]
	(No symbol) [0x00007FF6CEFB1072]
	(No symbol) [0x00007FF6CEFA18C4]
	BaseThreadInitThunk [0x00007FF91D99257D+29]
	RtlUserThreadStart [0x00007FF91ECCAA48+40]

Error occurred: Message: 
Stacktrace:
	GetHandleVerifier [0x00007FF6CF031522+60802]
	(No symbol) [0x00007FF6CEFAAC22]
	(No symbol) [0x00007FF6CEE67CE4]
	(No symbol) [0x00007FF6CEEB6D4D]
	(No symbol) [0x00007FF6CEEB6E1C]
	(No symbol) [0x00007FF6CEEFCE37]
	(No symbol) [0x00007FF6CEEDABBF]
	(No symbol) [0x00007FF6CEEFA224]
	(No symbol) [0x00007FF6CEEDA923]
	(No symbol) [0x00007FF6CEEA8FEC]
	(No symbol) [0x00007FF6CEEA9C21]
	GetHandleVerifier [0x00007FF6CF3341BD+3217949]
	GetHandleVerifier [0x00007FF6CF376157+3488183]
	GetHandleVerifier [0x00007FF6CF36F0DF+3459391]
	GetHandleVerifier [0x00007FF6CF0EB8E6+823622]
	(No symbol) [0x00007FF6CEFB5FBF]
	(No symbol) [0x00007FF6CEFB0EE4]
	(No symbol) [0x00007FF6CEFB1072]
	(No symbol) [0x00007FF6CEFA18C4]
	BaseThreadInitThunk [0x00007FF91D99257D+29]
	RtlUserThreadStart [0x00007FF91ECCAA48+40]

Error occurred: Message: 
Stacktrace:
	GetHandleVerifier [0x00007FF6CF031522+60802]
	(No symbol) [0x00007FF6CEFAAC22]
	(No symbol) [0x00007FF6CEE67CE4]
	(No symbol) [0x00007FF6CEEB6D4D]
	(No symbol) [0x00007FF6CEEB6E1C]
	(No symbol) [0x00007FF6CEEFCE37]
	(No symbol) [0x00007FF6CEEDABBF]
	(No symbol) [0x00007FF6CEEFA224]
	(No symbol) [0x00007FF6CEEDA923]
	(No symbol) [0x00007FF6CEEA8FEC]
	(No symbol) [0x00007FF6CEEA9C21]
	GetHandleVerifier [0x00007FF6CF3341BD+3217949]
	GetHandleVerifier [0x00007FF6CF376157+3488183]
	GetHandleVerifier [0x00007FF6CF36F0DF+3459391]
	GetHandleVerifier [0x00007FF6CF0EB8E6+823622]
	(No symbol) [0x00007FF6CEFB5FBF]
	(No symbol) [0x00007FF6CEFB0EE4]
	(No symbol) [0x00007FF6CEFB1072]
	(No symbol) [0x00007FF6CEFA18C4]
	BaseThreadInitThunk [0x00007FF91D99257D+29]
	RtlUserThreadStart [0x00007FF91ECCAA48+40]

Error occurred: Message: 
Stacktrace:
	GetHandleVerifier [0x00007FF6CF031522+60802]
	(No symbol) [0x00007FF6CEFAAC22]
	(No symbol) [0x00007FF6CEE67CE4]
	(No symbol) [0x00007FF6CEEB6D4D]
	(No symbol) [0x00007FF6CEEB6E1C]
	(No symbol) [0x00007FF6CEEFCE37]
	(No symbol) [0x00007FF6CEEDABBF]
	(No symbol) [0x00007FF6CEEFA224]
	(No symbol) [0x00007FF6CEEDA923]
	(No symbol) [0x00007FF6CEEA8FEC]
	(No symbol) [0x00007FF6CEEA9C21]
	GetHandleVerifier [0x00007FF6CF3341BD+3217949]
	GetHandleVerifier [0x00007FF6CF376157+3488183]
	GetHandleVerifier [0x00007FF6CF36F0DF+3459391]
	GetHandleVerifier [0x00007FF6CF0EB8E6+823622]
	(No symbol) [0x00007FF6CEFB5FBF]
	(No symbol) [0x00007FF6CEFB0EE4]
	(No symbol) [0x00007FF6CEFB1072]
	(No symbol) [0x00007FF6CEFA18C4]
	BaseThreadInitThunk [0x00007FF91D99257D+29]
	RtlUserThreadStart [0x00007FF91ECCAA48+40]

You are applying to the position of: Senior React Native Developer
Senior React Native Developer
Code Experts Ltd.
Rawalpindi, Punjab, Pakistan (On-site)
Viewed
Promoted
Easy Apply
Error occurred: Message: 
Stacktrace:
	GetHandleVerifier [0x00007FF6CF031522+60802]
	(No symbol) [0x00007FF6CEFAAC22]
	(No symbol) [0x00007FF6CEE67CE4]
	(No symbol) [0x00007FF6CEEB6D4D]
	(No symbol) [0x00007FF6CEEB6E1C]
	(No symbol) [0x00007FF6CEEFCE37]
	(No symbol) [0x00007FF6CEEDABBF]
	(No symbol) [0x00007FF6CEEFA224]
	(No symbol) [0x00007FF6CEEDA923]
	(No symbol) [0x00007FF6CEEA8FEC]
	(No symbol) [0x00007FF6CEEA9C21]
	GetHandleVerifier [0x00007FF6CF3341BD+3217949]
	GetHandleVerifier [0x00007FF6CF376157+3488183]
	GetHandleVerifier [0x00007FF6CF36F0DF+3459391]
	GetHandleVerifier [0x00007FF6CF0EB8E6+823622]
	(No symbol) [0x00007FF6CEFB5FBF]
	(No symbol) [0x00007FF6CEFB0EE4]
	(No symbol) [0x00007FF6CEFB1072]
	(No symbol) [0x00007FF6CEFA18C4]
	BaseThreadInitThunk [0x00007FF91D99257D+29]
	RtlUserThreadStart [0x00007FF91ECCAA48+40]

You are applying to the position of: Senior Full Stack Developer
Senior Full Stack Developer
TripleK Technologies
Lahore, Punjab, Pakistan (Hybrid)
Promoted
Easy Apply
Error occurred: Message: 
Stacktrace:
	GetHandleVerifier [0x00007FF6CF031522+60802]
	(No symbol) [0x00007FF6CEFAAC22]
	(No symbol) [0x00007FF6CEE67CE4]
	(No symbol) [0x00007FF6CEEB6D4D]
	(No symbol) [0x00007FF6CEEB6E1C]
	(No symbol) [0x00007FF6CEEFCE37]
	(No symbol) [0x00007FF6CEEDABBF]
	(No symbol) [0x00007FF6CEEFA224]
	(No symbol) [0x00007FF6CEEDA923]
	(No symbol) [0x00007FF6CEEA8FEC]
	(No symbol) [0x00007FF6CEEA9C21]
	GetHandleVerifier [0x00007FF6CF3341BD+3217949]
	GetHandleVerifier [0x00007FF6CF376157+3488183]
	GetHandleVerifier [0x00007FF6CF36F0DF+3459391]
	GetHandleVerifier [0x00007FF6CF0EB8E6+823622]
	(No symbol) [0x00007FF6CEFB5FBF]
	(No symbol) [0x00007FF6CEFB0EE4]
	(No symbol) [0x00007FF6CEFB1072]
	(No symbol) [0x00007FF6CEFA18C4]
	BaseThreadInitThunk [0x00007FF91D99257D+29]
	RtlUserThreadStart [0x00007FF91ECCAA48+40]

You are applying to the position of: Senior React Native Developer
Senior React Native Developer
Code Experts Ltd.
Rawalpindi, Punjab, Pakistan (On-site)
Viewed
Promoted
Easy Apply
Submit application button not found
You are applying to the position of: Senior Full Stack Developer
Senior Full Stack Developer
TripleK Technologies
Lahore, Punjab, Pakistan (Hybrid)
Your profile matches this job
Viewed
Promoted
Easy Apply
Submit application button not found
You are applying to the position of: Senior React Native Developer
Senior React Native Developer
Code Experts Ltd.
Rawalpindi, Punjab, Pakistan (On-site)
Viewed
Promoted
Easy Apply
